<?xml version="1.0" encoding="UTF-8"?>
<!-- Generated by org.testng.reporters.JUnitXMLReporter -->
<testsuite ignored="0" hostname="PRAVEEN" failures="0" tests="1" name="edgeTest" time="14.348" errors="0" timestamp="2025-03-01T16:25:46 IST">
  <testcase classname="testCases.BaseTest" name="@AfterClass tetarDown" time="0.003">
    <failure type="java.lang.NullPointerException" message="Cannot invoke &amp;quot;org.openqa.selenium.WebDriver.quit()&amp;quot; because &amp;quot;testCases.BaseTest.driver&amp;quot; is null">
      <![CDATA[java.lang.NullPointerException: Cannot invoke "org.openqa.selenium.WebDriver.quit()" because "testCases.BaseTest.driver" is null
at testCases.BaseTest.tetarDown(BaseTest.java:131)
at java.base/java.util.ArrayList.forEach(ArrayList.java:1596)
at java.base/java.util.concurrent.FutureTask.run(FutureTask.java:317)
at java.base/java.util.concurrent.ThreadPoolExecutor.runWorker(ThreadPoolExecutor.java:1144)
at java.base/java.util.concurrent.ThreadPoolExecutor$Worker.run(ThreadPoolExecutor.java:642)
at java.base/java.lang.Thread.run(Thread.java:1583)
... Removed 14 stack frames]]>
    </failure>
  </testcase> <!-- @AfterClass tetarDown -->
  <testcase classname="testCases.TC001_AccountRegistrationTest" name="verrify_account_registration" time="0.0">
    <skipped/>
  </testcase> <!-- verrify_account_registration -->
</testsuite> <!-- edgeTest -->
