<?xml version="1.0" encoding="UTF-8"?>
<!-- Generated by org.testng.reporters.JUnitXMLReporter -->
<testsuite ignored="0" hostname="PRAVEEN" failures="1" tests="1" name="Test(failed)" time="21.748" errors="0" timestamp="2025-02-28T13:02:38 IST">
  <testcase classname="testCases.TC002_LoginTest" name="verrify_login" time="14.334">
    <failure type="java.lang.AssertionError" message="expected [true] but found [false]">
      <![CDATA[java.lang.AssertionError: expected [true] but found [false]
at testCases.TC002_LoginTest.verrify_login(TC002_LoginTest.java:34)
at java.base/java.util.ArrayList.forEach(ArrayList.java:1596)
... Removed 29 stack frames]]>
    </failure>
  </testcase> <!-- verrify_login -->
</testsuite> <!-- Test(failed) -->
